{
  "stats": {
    "suites": 1,
    "tests": 1,
    "passes": 1,
    "pending": 0,
    "failures": 0,
    "start": "2020-12-23T05:47:02.369Z",
    "end": "2020-12-23T05:47:02.373Z",
    "duration": 4,
    "testsRegistered": 1,
    "passPercent": 100,
    "pendingPercent": 0,
    "other": 0,
    "hasOther": false,
    "skipped": 0,
    "hasSkipped": false
  },
  "results": [
    {
      "uuid": "21beaff6-7167-47e6-a90d-c0df95216e80",
      "title": "",
      "fullFile": "",
      "file": "",
      "beforeHooks": [],
      "afterHooks": [],
      "tests": [],
      "suites": [
        {
          "uuid": "07fb2a8f-6704-469d-babf-595ab1c948ac",
          "title": "gaius.partial",
          "fullFile": "/Users/mepcotterell/gaius/test/gaius.test.js",
          "file": "/test/gaius.test.js",
          "beforeHooks": [],
          "afterHooks": [],
          "tests": [
            {
              "title": "is a function",
              "fullTitle": "gaius.partial is a function",
              "timedOut": false,
              "duration": 1,
              "state": "passed",
              "speed": "fast",
              "pass": true,
              "fail": false,
              "pending": false,
              "context": null,
              "code": "expect(gaius.partial).to.be.an.instanceof(Function);",
              "err": {},
              "uuid": "72300c29-a195-4793-a36b-e8e4159a6d79",
              "parentUUID": "07fb2a8f-6704-469d-babf-595ab1c948ac",
              "isHook": false,
              "skipped": false
            }
          ],
          "suites": [],
          "passes": [
            "72300c29-a195-4793-a36b-e8e4159a6d79"
          ],
          "failures": [],
          "pending": [],
          "skipped": [],
          "duration": 1,
          "root": false,
          "rootEmpty": false,
          "_timeout": 2000
        }
      ],
      "passes": [],
      "failures": [],
      "pending": [],
      "skipped": [],
      "duration": 0,
      "root": true,
      "rootEmpty": true,
      "_timeout": 2000
    }
  ],
  "meta": {
    "mocha": {
      "version": "8.2.1"
    },
    "mochawesome": {
      "options": {
        "quiet": true,
        "reportFilename": "mochawesome",
        "saveHtml": true,
        "saveJson": true,
        "consoleReporter": "spec",
        "useInlineDiffs": false,
        "code": true
      },
      "version": "6.2.1"
    },
    "marge": {
      "options": {
        "quiet": "true",
        "reportDir": "gaius@0.2.1/tests"
      },
      "version": "5.1.0"
    }
  }
}